<?xml version="1.0" encoding="UTF-8"?>
<!-- Generated by org.testng.reporters.JUnitXMLReporter -->
<testsuite ignored="0" hostname="DESKTOP-J2HP7L7" failures="0" tests="4" name="Default test" time="9.569" errors="0" timestamp="2024-04-16T17:01:09 IST">
  <testcase classname="testScriptPOM.swagLabValidation" name="testLoginLogout" time="0.961"/>
  <testcase classname="testScriptPOM.swagLabValidation" name="testcart" time="0.678"/>
  <testcase classname="testScriptPOM.swagLabValidation" name="testCheckoutOverview" time="1.292"/>
  <testcase classname="testScriptPOM.swagLabValidation" name="testShoppingOnSwagLab" time="0.126"/>
</testsuite> <!-- Default test -->
